<?xml version="1.0" encoding="UTF-8"?>
<testsuite xmlns:xsi="http://www.w3.org/2001/XMLSchema-instance" xsi:noNamespaceSchemaLocation="https://maven.apache.org/surefire/maven-surefire-plugin/xsd/surefire-test-report.xsd" name="JobFrameTest" time="0.138" tests="2" errors="0" skipped="0" failures="0">
  <properties>
[...]
</properties>
  <testcase name="test_getColumnTypeAndSize" classname="JobFrameTest" time="0.133"/>
  <testcase name="test_getValueAt" classname="JobFrameTest" time="0"/>
</testsuite>